<?xml version="1.0" encoding="UTF-8"?>
<!-- Generated by org.testng.reporters.JUnitReportReporter -->
<testsuite hostname="BELUS2655-MBP" name="com.employeeapi.testCases.Test_UpdateSingleEmployeeRecord" tests="6" failures="0" timestamp="3 Jul 2019 17:34:14 GMT" time="0.020" errors="0">
  <testcase name="checkResponseBody" time="0.017" classname="com.employeeapi.testCases.Test_UpdateSingleEmployeeRecord"/>
  <testcase name="checkContentType" time="0.001" classname="com.employeeapi.testCases.Test_UpdateSingleEmployeeRecord"/>
  <testcase name="checkStatusCode" time="0.000" classname="com.employeeapi.testCases.Test_UpdateSingleEmployeeRecord"/>
  <testcase name="checkResponseTime" time="0.000" classname="com.employeeapi.testCases.Test_UpdateSingleEmployeeRecord"/>
  <testcase name="checkServerType" time="0.001" classname="com.employeeapi.testCases.Test_UpdateSingleEmployeeRecord"/>
  <testcase name="checkStatusLine" time="0.001" classname="com.employeeapi.testCases.Test_UpdateSingleEmployeeRecord"/>
</testsuite> <!-- com.employeeapi.testCases.Test_UpdateSingleEmployeeRecord -->
