<?xml version="1.0" encoding="UTF-8"?>
<!-- Generated by org.testng.reporters.JUnitReportReporter -->
<testsuite hostname="BELUS2655-MBP" name="com.employeeapi.testCases.Test_GetAllEmployees" tests="8" failures="0" timestamp="2 Jul 2019 23:55:29 GMT" time="0.160" errors="0">
  <testcase name="checkStatusCode" time="0.001" classname="com.employeeapi.testCases.Test_GetAllEmployees"/>
  <testcase name="checkContentEncoding" time="0.001" classname="com.employeeapi.testCases.Test_GetAllEmployees"/>
  <testcase name="checkResponseTime" time="0.001" classname="com.employeeapi.testCases.Test_GetAllEmployees"/>
  <testcase name="checkCookies" time="0.001" classname="com.employeeapi.testCases.Test_GetAllEmployees"/>
  <testcase name="checkContentType" time="0.002" classname="com.employeeapi.testCases.Test_GetAllEmployees"/>
  <testcase name="checkResponseBody" time="0.152" classname="com.employeeapi.testCases.Test_GetAllEmployees"/>
  <testcase name="checkStatusLine" time="0.001" classname="com.employeeapi.testCases.Test_GetAllEmployees"/>
  <testcase name="checkServerType" time="0.001" classname="com.employeeapi.testCases.Test_GetAllEmployees"/>
</testsuite> <!-- com.employeeapi.testCases.Test_GetAllEmployees -->
