<?xml version="1.0" encoding="UTF-8"?>
<!-- Generated by org.testng.reporters.JUnitReportReporter -->
<testsuite hostname="BELUS2655-MBP" name="com.employeeapi.testCases.Test_DeleteEmployeeRecord" tests="4" failures="0" timestamp="2 Jul 2019 23:55:29 GMT" time="0.002" errors="0">
  <testcase name="checkStatusLine" time="0.000" classname="com.employeeapi.testCases.Test_DeleteEmployeeRecord"/>
  <testcase name="checkStatusCode" time="0.001" classname="com.employeeapi.testCases.Test_DeleteEmployeeRecord"/>
  <testcase name="checkContentType" time="0.001" classname="com.employeeapi.testCases.Test_DeleteEmployeeRecord"/>
  <testcase name="checkResponseBody" time="0.000" classname="com.employeeapi.testCases.Test_DeleteEmployeeRecord"/>
</testsuite> <!-- com.employeeapi.testCases.Test_DeleteEmployeeRecord -->
